<?xml version="1.0" encoding="UTF-8"?>
<!-- Generated by org.testng.reporters.JUnitXMLReporter -->
<testsuite ignored="0" hostname="siddhilaxman" failures="3" tests="21" name="Test2" time="146.06" errors="0" timestamp="2023-12-05T18:35:05 IST">
  <testcase classname="testCases.Cart_page_TestCase" name="LoginToYourCartTest" time="1.137">
    <failure type="java.lang.AssertionError" message="expected [https://www.saucedemo.com/cart.html] but found [secret_sauce]">
      <![CDATA[java.lang.AssertionError: expected [https://www.saucedemo.com/cart.html] but found [secret_sauce]
at testCases.Cart_page_TestCase.LoginToYourCartTest(Cart_page_TestCase.java:87)
at java.base/java.util.ArrayList.forEach(ArrayList.java:1511)
... Removed 33 stack frames]]>
    </failure>
  </testcase> <!-- LoginToYourCartTest -->
  <testcase classname="testCases.Cart_page_TestCase" name="verifyQtyLabelTest" time="0.086"/>
  <testcase classname="testCases.Cart_page_TestCase" name="verifyYourCartLabelTest" time="0.08"/>
  <testcase classname="testCases.Cart_page_TestCase" name="verifyappLogoTextTest" time="0.064"/>
  <testcase classname="testCases.Cart_page_TestCase" name="verifycheckoutBtnTest" time="0.132"/>
  <testcase classname="testCases.Cart_page_TestCase" name="verifycontinueShoppingBtnTest" time="0.137"/>
  <testcase classname="testCases.Cart_page_TestCase" name="verifydescLabelTest" time="0.064"/>
  <testcase classname="testCases.Cart_page_TestCase" name="verifyremove3productsTest" time="0.279"/>
  <testcase classname="testCases.LoginPage_TestCase" name="loginToApplicationTest" time="0.524"/>
  <testcase classname="testCases.LoginPage_TestCase" name="verifyTitileOfApplicationTest" time="0.056"/>
  <testcase classname="testCases.LoginPage_TestCase" name="verifyURLOfApplication" time="0.049">
    <failure type="java.lang.AssertionError" message="expected [https://www.saucedemo.com/] but found [Swag Labs]">
      <![CDATA[java.lang.AssertionError: expected [https://www.saucedemo.com/] but found [Swag Labs]
at testCases.LoginPage_TestCase.verifyURLOfApplication(LoginPage_TestCase.java:38)
at java.base/java.util.ArrayList.forEach(ArrayList.java:1511)
... Removed 33 stack frames]]>
    </failure>
  </testcase> <!-- verifyURLOfApplication -->
  <testcase classname="testCases.Inventory_page_2_testcase" name="FooterTest" time="0.048"/>
  <testcase classname="testCases.Inventory_page_2_testcase" name="LoginToYourCartTest" time="0.129"/>
  <testcase classname="testCases.Inventory_page_2_testcase" name="add6ProductsTest" time="0.735">
    <failure type="java.lang.AssertionError" message="expected [6] but found [Products]">
      <![CDATA[java.lang.AssertionError: expected [6] but found [Products]
at testCases.Inventory_page_2_testcase.add6ProductsTest(Inventory_page_2_testcase.java:79)
at java.base/java.util.ArrayList.forEach(ArrayList.java:1511)
... Removed 33 stack frames]]>
    </failure>
  </testcase> <!-- add6ProductsTest -->
  <testcase classname="testCases.Inventory_page_2_testcase" name="appLogoTest" time="0.052"/>
  <testcase classname="testCases.Inventory_page_2_testcase" name="remove2PproductsTest" time="2.948"/>
  <testcase classname="testCases.Inventory_page_2_testcase" name="verifyCartLogoTest" time="0.062"/>
  <testcase classname="testCases.Inventory_page_2_testcase" name="verifyfacebookLogo" time="0.055"/>
  <testcase classname="testCases.Inventory_page_2_testcase" name="verifylinkedinLogoTest" time="0.05"/>
  <testcase classname="testCases.Inventory_page_2_testcase" name="verifyproductsLabelTest" time="0.083"/>
  <testcase classname="testCases.Inventory_page_2_testcase" name="verifytwitterLogoTest" time="0.058"/>
</testsuite> <!-- Test2 -->
